<?xml version="1.0" encoding="UTF-8"?>
<!-- Generated by org.testng.reporters.JUnitReportReporter -->
<testsuite hostname="pavilian15" failures="0" tests="1" name="Cucumber.TestNGTestRunner" time="14.147" errors="0" timestamp="2024-04-21T15:44:12 IST" skipped="0">
  <testcase classname="Cucumber.TestNGTestRunner" name="runScenario" time="14.147"/>
</testsuite> <!-- Cucumber.TestNGTestRunner -->
