<?xml version="1.0" encoding="UTF-8"?>
<!-- Generated by org.testng.reporters.JUnitReportReporter -->
<testsuite hostname="pavilian15" failures="0" tests="2" name="Cucumber.TestNGTestRunner" time="17.346" errors="0" timestamp="2024-04-22T11:37:39 IST" skipped="0">
  <testcase classname="Cucumber.TestNGTestRunner" name="runScenario" time="12.734"/>
  <testcase classname="Cucumber.TestNGTestRunner" name="runScenario" time="4.612"/>
</testsuite> <!-- Cucumber.TestNGTestRunner -->
